
2023-07-01 09:41:48.566  INFO org.rbt.qvu.QvuApplication: Starting QvuApplication using Java 20.0.1 with PID 11152 (C:\dev\projects\qvu\target\classes started by rbtuc in C:\dev\projects\qvu)

2023-07-01 09:41:48.566  INFO org.rbt.qvu.QvuApplication: Starting QvuApplication using Java 20.0.1 with PID 11152 (C:\dev\projects\qvu\target\classes started by rbtuc in C:\dev\projects\qvu)

2023-07-01 09:41:48.569  INFO org.rbt.qvu.QvuApplication: No active profile set, falling back to 1 default profile: "default"

2023-07-01 09:41:48.569  INFO org.rbt.qvu.QvuApplication: No active profile set, falling back to 1 default profile: "default"

2023-07-01 09:41:49.711  INFO org.rbt.qvu.SecurityConfig:  in Config.init()

2023-07-01 09:41:49.711  INFO org.rbt.qvu.SecurityConfig:  in Config.init()

2023-07-01 09:41:49.753  INFO org.rbt.qvu.SecurityConfig: force.init=false

2023-07-01 09:41:49.753  INFO org.rbt.qvu.SecurityConfig: force.init=false

2023-07-01 09:41:49.753  INFO org.rbt.qvu.SecurityConfig: repository.folder=-

2023-07-01 09:41:49.753  INFO org.rbt.qvu.SecurityConfig: repository.folder=-

2023-07-01 09:41:49.753  INFO org.rbt.qvu.SecurityConfig: security.typer=null

2023-07-01 09:41:49.753  INFO org.rbt.qvu.SecurityConfig: security.typer=null

2023-07-01 09:41:49.754  INFO org.rbt.qvu.SecurityConfig: inital setup required: true

2023-07-01 09:41:49.754  INFO org.rbt.qvu.SecurityConfig: inital setup required: true

2023-07-01 09:41:49.760  INFO org.rbt.qvu.configuration.database.DataSources: in QvuDataSource.init()

2023-07-01 09:41:49.760  INFO org.rbt.qvu.configuration.database.DataSources: in QvuDataSource.init()

2023-07-01 09:41:49.761  INFO org.rbt.qvu.configuration.database.DataSources: database config file: -\config\qvu-datasources.json

2023-07-01 09:41:49.761  INFO org.rbt.qvu.configuration.database.DataSources: database config file: -\config\qvu-datasources.json

2023-07-01 09:41:49.763  INFO org.rbt.qvu.configuration.security.BasicAuthSecurityProvider: in BasicAuthSecurityProvider.init()

2023-07-01 09:41:49.763  INFO org.rbt.qvu.configuration.security.BasicAuthSecurityProvider: in BasicAuthSecurityProvider.init()

2023-07-01 09:41:49.763  INFO org.rbt.qvu.configuration.security.BasicAuthSecurityProvider: authenticatorClass=null

2023-07-01 09:41:49.763  INFO org.rbt.qvu.configuration.security.BasicAuthSecurityProvider: authenticatorClass=null

2023-07-01 09:41:49.802  INFO org.rbt.qvu.services.MainServiceImpl: in MainServiceImpl.init()

2023-07-01 09:41:49.802  INFO org.rbt.qvu.services.MainServiceImpl: in MainServiceImpl.init()

2023-07-01 09:41:49.803  INFO org.rbt.qvu.controllers.MainController: in MainController.init()

2023-07-01 09:41:49.803  INFO org.rbt.qvu.controllers.MainController: in MainController.init()

2023-07-01 09:41:49.806  INFO org.rbt.qvu.SecurityConfig: in SecurityConfig.init()

2023-07-01 09:41:49.806  INFO org.rbt.qvu.SecurityConfig: in SecurityConfig.init()

2023-07-01 09:41:50.159  INFO org.rbt.qvu.QvuApplication: Started QvuApplication in 2.105 seconds (process running for 2.478)

2023-07-01 09:41:50.159  INFO org.rbt.qvu.QvuApplication: Started QvuApplication in 2.105 seconds (process running for 2.478)

2023-07-01 09:45:08.870  INFO org.rbt.qvu.QvuApplication: Starting QvuApplication using Java 20.0.1 with PID 4904 (C:\dev\projects\qvu\target\classes started by rbtuc in C:\dev\projects\qvu)

2023-07-01 09:45:08.870  INFO org.rbt.qvu.QvuApplication: Starting QvuApplication using Java 20.0.1 with PID 4904 (C:\dev\projects\qvu\target\classes started by rbtuc in C:\dev\projects\qvu)

2023-07-01 09:45:08.882  INFO org.rbt.qvu.QvuApplication: No active profile set, falling back to 1 default profile: "default"

2023-07-01 09:45:08.882  INFO org.rbt.qvu.QvuApplication: No active profile set, falling back to 1 default profile: "default"

2023-07-01 09:45:09.969  INFO org.rbt.qvu.SecurityConfig:  in Config.init()

2023-07-01 09:45:09.969  INFO org.rbt.qvu.SecurityConfig:  in Config.init()

2023-07-01 09:45:10.009  INFO org.rbt.qvu.SecurityConfig: force.init=false

2023-07-01 09:45:10.009  INFO org.rbt.qvu.SecurityConfig: force.init=false

2023-07-01 09:45:10.009  INFO org.rbt.qvu.SecurityConfig: repository.folder=-

2023-07-01 09:45:10.009  INFO org.rbt.qvu.SecurityConfig: repository.folder=-

2023-07-01 09:45:10.010  INFO org.rbt.qvu.SecurityConfig: security.typer=basic

2023-07-01 09:45:10.010  INFO org.rbt.qvu.SecurityConfig: security.typer=basic

2023-07-01 09:45:10.011  INFO org.rbt.qvu.SecurityConfig: inital setup required: true

2023-07-01 09:45:10.011  INFO org.rbt.qvu.SecurityConfig: inital setup required: true

2023-07-01 09:45:10.016  INFO org.rbt.qvu.configuration.database.DataSources: in QvuDataSource.init()

2023-07-01 09:45:10.016  INFO org.rbt.qvu.configuration.database.DataSources: in QvuDataSource.init()

2023-07-01 09:45:10.017  INFO org.rbt.qvu.configuration.database.DataSources: database config file: -\config\qvu-datasources.json

2023-07-01 09:45:10.017  INFO org.rbt.qvu.configuration.database.DataSources: database config file: -\config\qvu-datasources.json

2023-07-01 09:45:10.019  INFO org.rbt.qvu.configuration.security.BasicAuthSecurityProvider: in BasicAuthSecurityProvider.init()

2023-07-01 09:45:10.019  INFO org.rbt.qvu.configuration.security.BasicAuthSecurityProvider: in BasicAuthSecurityProvider.init()

2023-07-01 09:45:10.020  INFO org.rbt.qvu.configuration.security.BasicAuthSecurityProvider: authenticatorClass=null

2023-07-01 09:45:10.020  INFO org.rbt.qvu.configuration.security.BasicAuthSecurityProvider: authenticatorClass=null

2023-07-01 09:45:10.060  INFO org.rbt.qvu.services.MainServiceImpl: in MainServiceImpl.init()

2023-07-01 09:45:10.060  INFO org.rbt.qvu.services.MainServiceImpl: in MainServiceImpl.init()

2023-07-01 09:45:10.062  INFO org.rbt.qvu.controllers.MainController: in MainController.init()

2023-07-01 09:45:10.062  INFO org.rbt.qvu.controllers.MainController: in MainController.init()

2023-07-01 09:45:10.065  INFO org.rbt.qvu.SecurityConfig: in SecurityConfig.init()

2023-07-01 09:45:10.065  INFO org.rbt.qvu.SecurityConfig: in SecurityConfig.init()

2023-07-01 09:45:10.433  INFO org.rbt.qvu.QvuApplication: Started QvuApplication in 2.081 seconds (process running for 2.462)

2023-07-01 09:45:10.433  INFO org.rbt.qvu.QvuApplication: Started QvuApplication in 2.081 seconds (process running for 2.462)

2023-07-01 09:53:27.650  INFO org.rbt.qvu.QvuApplication: Starting QvuApplication using Java 20.0.1 with PID 15116 (C:\dev\projects\qvu\target\classes started by rbtuc in C:\dev\projects\qvu)

2023-07-01 09:53:27.650  INFO org.rbt.qvu.QvuApplication: Starting QvuApplication using Java 20.0.1 with PID 15116 (C:\dev\projects\qvu\target\classes started by rbtuc in C:\dev\projects\qvu)

2023-07-01 09:53:27.651  INFO org.rbt.qvu.QvuApplication: No active profile set, falling back to 1 default profile: "default"

2023-07-01 09:53:27.651  INFO org.rbt.qvu.QvuApplication: No active profile set, falling back to 1 default profile: "default"

2023-07-01 09:53:28.770  INFO org.rbt.qvu.SecurityConfig:  in Config.init()

2023-07-01 09:53:28.770  INFO org.rbt.qvu.SecurityConfig:  in Config.init()

2023-07-01 09:53:28.810  INFO org.rbt.qvu.SecurityConfig: force.init=false

2023-07-01 09:53:28.810  INFO org.rbt.qvu.SecurityConfig: force.init=false

2023-07-01 09:53:28.810  INFO org.rbt.qvu.SecurityConfig: repository.folder=-

2023-07-01 09:53:28.810  INFO org.rbt.qvu.SecurityConfig: repository.folder=-

2023-07-01 09:53:28.811  INFO org.rbt.qvu.SecurityConfig: security.typer=basic

2023-07-01 09:53:28.811  INFO org.rbt.qvu.SecurityConfig: security.typer=basic

2023-07-01 09:53:28.811  INFO org.rbt.qvu.SecurityConfig: inital setup required: true

2023-07-01 09:53:28.811  INFO org.rbt.qvu.SecurityConfig: inital setup required: true

2023-07-01 09:53:28.818  INFO org.rbt.qvu.configuration.database.DataSources: in QvuDataSource.init()

2023-07-01 09:53:28.818  INFO org.rbt.qvu.configuration.database.DataSources: in QvuDataSource.init()

2023-07-01 09:53:28.818  INFO org.rbt.qvu.configuration.database.DataSources: database config file: -\config\qvu-datasources.json

2023-07-01 09:53:28.818  INFO org.rbt.qvu.configuration.database.DataSources: database config file: -\config\qvu-datasources.json

2023-07-01 09:53:28.820  INFO org.rbt.qvu.configuration.security.BasicAuthSecurityProvider: in BasicAuthSecurityProvider.init()

2023-07-01 09:53:28.820  INFO org.rbt.qvu.configuration.security.BasicAuthSecurityProvider: in BasicAuthSecurityProvider.init()

2023-07-01 09:53:28.820  INFO org.rbt.qvu.configuration.security.BasicAuthSecurityProvider: authenticatorClass=

2023-07-01 09:53:28.820  INFO org.rbt.qvu.configuration.security.BasicAuthSecurityProvider: authenticatorClass=

2023-07-01 09:53:28.858  INFO org.rbt.qvu.services.MainServiceImpl: in MainServiceImpl.init()

2023-07-01 09:53:28.858  INFO org.rbt.qvu.services.MainServiceImpl: in MainServiceImpl.init()

2023-07-01 09:53:28.861  INFO org.rbt.qvu.controllers.MainController: in MainController.init()

2023-07-01 09:53:28.861  INFO org.rbt.qvu.controllers.MainController: in MainController.init()

2023-07-01 09:53:28.865  INFO org.rbt.qvu.SecurityConfig: in SecurityConfig.init()

2023-07-01 09:53:28.865  INFO org.rbt.qvu.SecurityConfig: in SecurityConfig.init()

2023-07-01 09:53:29.226  INFO org.rbt.qvu.QvuApplication: Started QvuApplication in 2.082 seconds (process running for 2.427)

2023-07-01 09:53:29.226  INFO org.rbt.qvu.QvuApplication: Started QvuApplication in 2.082 seconds (process running for 2.427)

2023-07-01 10:07:10.657  INFO org.rbt.qvu.QvuApplication: Starting QvuApplication using Java 20.0.1 with PID 11192 (C:\dev\projects\qvu\target\classes started by rbtuc in C:\dev\projects\qvu)

2023-07-01 10:07:10.657  INFO org.rbt.qvu.QvuApplication: Starting QvuApplication using Java 20.0.1 with PID 11192 (C:\dev\projects\qvu\target\classes started by rbtuc in C:\dev\projects\qvu)

2023-07-01 10:07:10.660  INFO org.rbt.qvu.QvuApplication: No active profile set, falling back to 1 default profile: "default"

2023-07-01 10:07:10.660  INFO org.rbt.qvu.QvuApplication: No active profile set, falling back to 1 default profile: "default"

2023-07-01 10:07:11.751  INFO org.rbt.qvu.SecurityConfig:  in Config.init()

2023-07-01 10:07:11.751  INFO org.rbt.qvu.SecurityConfig:  in Config.init()

2023-07-01 10:07:11.790  INFO org.rbt.qvu.SecurityConfig: force.init=false

2023-07-01 10:07:11.790  INFO org.rbt.qvu.SecurityConfig: force.init=false

2023-07-01 10:07:11.790  INFO org.rbt.qvu.SecurityConfig: repository.folder=-

2023-07-01 10:07:11.790  INFO org.rbt.qvu.SecurityConfig: repository.folder=-

2023-07-01 10:07:11.792  INFO org.rbt.qvu.SecurityConfig: security.typer=basic

2023-07-01 10:07:11.792  INFO org.rbt.qvu.SecurityConfig: security.typer=basic

2023-07-01 10:07:11.792  INFO org.rbt.qvu.SecurityConfig: inital setup required: true

2023-07-01 10:07:11.792  INFO org.rbt.qvu.SecurityConfig: inital setup required: true

2023-07-01 10:07:11.798  INFO org.rbt.qvu.configuration.database.DataSources: in QvuDataSource.init()

2023-07-01 10:07:11.798  INFO org.rbt.qvu.configuration.database.DataSources: in QvuDataSource.init()

2023-07-01 10:07:11.800  INFO org.rbt.qvu.configuration.security.BasicAuthSecurityProvider: in BasicAuthSecurityProvider.init()

2023-07-01 10:07:11.800  INFO org.rbt.qvu.configuration.security.BasicAuthSecurityProvider: in BasicAuthSecurityProvider.init()

2023-07-01 10:07:11.801  INFO org.rbt.qvu.configuration.security.BasicAuthSecurityProvider: authenticatorClass=

2023-07-01 10:07:11.801  INFO org.rbt.qvu.configuration.security.BasicAuthSecurityProvider: authenticatorClass=

2023-07-01 10:07:11.841  INFO org.rbt.qvu.services.MainServiceImpl: in MainServiceImpl.init()

2023-07-01 10:07:11.841  INFO org.rbt.qvu.services.MainServiceImpl: in MainServiceImpl.init()

2023-07-01 10:07:11.843  INFO org.rbt.qvu.controllers.MainController: in MainController.init()

2023-07-01 10:07:11.843  INFO org.rbt.qvu.controllers.MainController: in MainController.init()

2023-07-01 10:07:11.845  INFO org.rbt.qvu.SecurityConfig: in SecurityConfig.init()

2023-07-01 10:07:11.845  INFO org.rbt.qvu.SecurityConfig: in SecurityConfig.init()

2023-07-01 10:07:12.205  INFO org.rbt.qvu.QvuApplication: Started QvuApplication in 2.023 seconds (process running for 2.386)

2023-07-01 10:07:12.205  INFO org.rbt.qvu.QvuApplication: Started QvuApplication in 2.023 seconds (process running for 2.386)

2023-07-01 10:13:05.692  INFO org.rbt.qvu.QvuApplication: Starting QvuApplication using Java 20.0.1 with PID 6256 (C:\dev\projects\qvu\target\classes started by rbtuc in C:\dev\projects\qvu)

2023-07-01 10:13:05.692  INFO org.rbt.qvu.QvuApplication: Starting QvuApplication using Java 20.0.1 with PID 6256 (C:\dev\projects\qvu\target\classes started by rbtuc in C:\dev\projects\qvu)

2023-07-01 10:13:05.695  INFO org.rbt.qvu.QvuApplication: No active profile set, falling back to 1 default profile: "default"

2023-07-01 10:13:05.695  INFO org.rbt.qvu.QvuApplication: No active profile set, falling back to 1 default profile: "default"

2023-07-01 10:13:06.764  INFO org.rbt.qvu.SecurityConfig:  in Config.init()

2023-07-01 10:13:06.764  INFO org.rbt.qvu.SecurityConfig:  in Config.init()

2023-07-01 10:13:06.764 ERROR org.rbt.qvu.SecurityConfig: ------->1

2023-07-01 10:13:06.764 ERROR org.rbt.qvu.SecurityConfig: ------->1

2023-07-01 10:13:06.821 ERROR org.rbt.qvu.SecurityConfig: ------->2

2023-07-01 10:13:06.821 ERROR org.rbt.qvu.SecurityConfig: ------->2

2023-07-01 10:13:06.823 ERROR org.rbt.qvu.SecurityConfig: ------->3

2023-07-01 10:13:06.823 ERROR org.rbt.qvu.SecurityConfig: ------->3

2023-07-01 10:13:06.826 ERROR org.rbt.qvu.SecurityConfig: ------->4

2023-07-01 10:13:06.826 ERROR org.rbt.qvu.SecurityConfig: ------->4

2023-07-01 10:13:06.826  INFO org.rbt.qvu.SecurityConfig: force.init=false

2023-07-01 10:13:06.826  INFO org.rbt.qvu.SecurityConfig: force.init=false

2023-07-01 10:13:06.827  INFO org.rbt.qvu.SecurityConfig: repository.folder=-

2023-07-01 10:13:06.827  INFO org.rbt.qvu.SecurityConfig: repository.folder=-

2023-07-01 10:13:06.827  INFO org.rbt.qvu.SecurityConfig: security.type=basic

2023-07-01 10:13:06.827  INFO org.rbt.qvu.SecurityConfig: security.type=basic

2023-07-01 10:13:06.827  INFO org.rbt.qvu.SecurityConfig: inital setup required: true

2023-07-01 10:13:06.827  INFO org.rbt.qvu.SecurityConfig: inital setup required: true

2023-07-01 10:13:06.834  INFO org.rbt.qvu.configuration.database.DataSources: in QvuDataSource.init()

2023-07-01 10:13:06.834  INFO org.rbt.qvu.configuration.database.DataSources: in QvuDataSource.init()

2023-07-01 10:13:06.836  INFO org.rbt.qvu.configuration.security.BasicAuthSecurityProvider: in BasicAuthSecurityProvider.init()

2023-07-01 10:13:06.836  INFO org.rbt.qvu.configuration.security.BasicAuthSecurityProvider: in BasicAuthSecurityProvider.init()

2023-07-01 10:13:06.837  INFO org.rbt.qvu.configuration.security.BasicAuthSecurityProvider: authenticatorClass=

2023-07-01 10:13:06.837  INFO org.rbt.qvu.configuration.security.BasicAuthSecurityProvider: authenticatorClass=

2023-07-01 10:13:06.866  INFO org.rbt.qvu.services.MainServiceImpl: in MainServiceImpl.init()

2023-07-01 10:13:06.866  INFO org.rbt.qvu.services.MainServiceImpl: in MainServiceImpl.init()

2023-07-01 10:13:06.883  INFO org.rbt.qvu.controllers.MainController: in MainController.init()

2023-07-01 10:13:06.883  INFO org.rbt.qvu.controllers.MainController: in MainController.init()

2023-07-01 10:13:06.887  INFO org.rbt.qvu.SecurityConfig: in SecurityConfig.init()

2023-07-01 10:13:06.887  INFO org.rbt.qvu.SecurityConfig: in SecurityConfig.init()

2023-07-01 10:13:07.254  INFO org.rbt.qvu.QvuApplication: Started QvuApplication in 2.052 seconds (process running for 2.436)

2023-07-01 10:13:07.254  INFO org.rbt.qvu.QvuApplication: Started QvuApplication in 2.052 seconds (process running for 2.436)

2023-07-01 10:52:29.425  INFO org.rbt.qvu.QvuApplication: Starting QvuApplication using Java 20.0.1 with PID 15264 (C:\dev\projects\qvu\target\classes started by rbtuc in C:\dev\projects\qvu)

2023-07-01 10:52:29.425  INFO org.rbt.qvu.QvuApplication: Starting QvuApplication using Java 20.0.1 with PID 15264 (C:\dev\projects\qvu\target\classes started by rbtuc in C:\dev\projects\qvu)

2023-07-01 10:52:29.427  INFO org.rbt.qvu.QvuApplication: No active profile set, falling back to 1 default profile: "default"

2023-07-01 10:52:29.427  INFO org.rbt.qvu.QvuApplication: No active profile set, falling back to 1 default profile: "default"

2023-07-01 10:52:30.522  INFO org.rbt.qvu.SecurityConfig:  in Config.init()

2023-07-01 10:52:30.522  INFO org.rbt.qvu.SecurityConfig:  in Config.init()

2023-07-01 10:52:30.523 ERROR org.rbt.qvu.SecurityConfig: ------->1

2023-07-01 10:52:30.523 ERROR org.rbt.qvu.SecurityConfig: ------->1

2023-07-01 10:52:30.553 ERROR org.rbt.qvu.SecurityConfig: ------->2

2023-07-01 10:52:30.553 ERROR org.rbt.qvu.SecurityConfig: ------->2

2023-07-01 10:52:30.553 ERROR org.rbt.qvu.SecurityConfig: ------->3

2023-07-01 10:52:30.553 ERROR org.rbt.qvu.SecurityConfig: ------->3

2023-07-01 10:52:30.553 ERROR org.rbt.qvu.SecurityConfig: ------->4

2023-07-01 10:52:30.553 ERROR org.rbt.qvu.SecurityConfig: ------->4

2023-07-01 10:52:30.553  INFO org.rbt.qvu.SecurityConfig: force.init=false

2023-07-01 10:52:30.553  INFO org.rbt.qvu.SecurityConfig: force.init=false

2023-07-01 10:52:30.553  INFO org.rbt.qvu.SecurityConfig: repository.folder=-

2023-07-01 10:52:30.553  INFO org.rbt.qvu.SecurityConfig: repository.folder=-

2023-07-01 10:52:30.553  INFO org.rbt.qvu.SecurityConfig: security.type=basic

2023-07-01 10:52:30.553  INFO org.rbt.qvu.SecurityConfig: security.type=basic

2023-07-01 10:52:30.553  INFO org.rbt.qvu.SecurityConfig: inital setup required: true

2023-07-01 10:52:30.553  INFO org.rbt.qvu.SecurityConfig: inital setup required: true

2023-07-01 10:52:30.571  INFO org.rbt.qvu.configuration.database.DataSources: in QvuDataSource.init()

2023-07-01 10:52:30.571  INFO org.rbt.qvu.configuration.database.DataSources: in QvuDataSource.init()

2023-07-01 10:52:30.572  INFO org.rbt.qvu.configuration.security.BasicAuthSecurityProvider: in BasicAuthSecurityProvider.init()

2023-07-01 10:52:30.572  INFO org.rbt.qvu.configuration.security.BasicAuthSecurityProvider: in BasicAuthSecurityProvider.init()

2023-07-01 10:52:30.573  INFO org.rbt.qvu.configuration.security.BasicAuthSecurityProvider: authenticatorClass=

2023-07-01 10:52:30.573  INFO org.rbt.qvu.configuration.security.BasicAuthSecurityProvider: authenticatorClass=

2023-07-01 10:52:30.603  INFO org.rbt.qvu.services.MainServiceImpl: in MainServiceImpl.init()

2023-07-01 10:52:30.603  INFO org.rbt.qvu.services.MainServiceImpl: in MainServiceImpl.init()

2023-07-01 10:52:30.603  INFO org.rbt.qvu.controllers.MainController: in MainController.init()

2023-07-01 10:52:30.603  INFO org.rbt.qvu.controllers.MainController: in MainController.init()

2023-07-01 10:52:30.618  INFO org.rbt.qvu.SecurityConfig: in SecurityConfig.init()

2023-07-01 10:52:30.618  INFO org.rbt.qvu.SecurityConfig: in SecurityConfig.init()

2023-07-01 10:52:30.958  WARN org.springframework.boot.web.servlet.context.AnnotationConfigServletWebServerApplicationContext: Exception encountered during context initialization - cancelling refresh attempt: org.springframework.context.ApplicationContextException: Failed to start bean 'webServerStartStop'

2023-07-01 10:52:31.142 ERROR org.springframework.boot.diagnostics.LoggingFailureAnalysisReporter: 

***************************
APPLICATION FAILED TO START
***************************

Description:

Web server failed to start. Port 8088 was already in use.

Action:

Identify and stop the process that's listening on port 8088 or configure this application to listen on another port.


2023-07-01 10:59:00.774  INFO org.rbt.qvu.QvuApplication: Starting QvuApplication using Java 20.0.1 with PID 7152 (C:\dev\projects\qvu\target\classes started by rbtuc in C:\dev\projects\qvu)

2023-07-01 10:59:00.774  INFO org.rbt.qvu.QvuApplication: Starting QvuApplication using Java 20.0.1 with PID 7152 (C:\dev\projects\qvu\target\classes started by rbtuc in C:\dev\projects\qvu)

2023-07-01 10:59:00.785 DEBUG org.rbt.qvu.QvuApplication: Running with Spring Boot v3.1.0, Spring v6.0.9

2023-07-01 10:59:00.785 DEBUG org.rbt.qvu.QvuApplication: Running with Spring Boot v3.1.0, Spring v6.0.9

2023-07-01 10:59:00.785  INFO org.rbt.qvu.QvuApplication: No active profile set, falling back to 1 default profile: "default"

2023-07-01 10:59:00.785  INFO org.rbt.qvu.QvuApplication: No active profile set, falling back to 1 default profile: "default"

2023-07-01 10:59:01.891  INFO org.rbt.qvu.SecurityConfig:  in Config.init()

2023-07-01 10:59:01.891  INFO org.rbt.qvu.SecurityConfig:  in Config.init()

2023-07-01 10:59:01.892 ERROR org.rbt.qvu.SecurityConfig: ------->1

2023-07-01 10:59:01.892 ERROR org.rbt.qvu.SecurityConfig: ------->1

2023-07-01 10:59:01.928 ERROR org.rbt.qvu.SecurityConfig: ------->2

2023-07-01 10:59:01.928 ERROR org.rbt.qvu.SecurityConfig: ------->2

2023-07-01 10:59:01.938 ERROR org.rbt.qvu.SecurityConfig: ------->3

2023-07-01 10:59:01.938 ERROR org.rbt.qvu.SecurityConfig: ------->3

2023-07-01 10:59:01.941 ERROR org.rbt.qvu.SecurityConfig: ------->4

2023-07-01 10:59:01.941 ERROR org.rbt.qvu.SecurityConfig: ------->4

2023-07-01 10:59:01.941  INFO org.rbt.qvu.SecurityConfig: force.init=false

2023-07-01 10:59:01.941  INFO org.rbt.qvu.SecurityConfig: force.init=false

2023-07-01 10:59:01.942  INFO org.rbt.qvu.SecurityConfig: repository.folder=-

2023-07-01 10:59:01.942  INFO org.rbt.qvu.SecurityConfig: repository.folder=-

2023-07-01 10:59:01.944  INFO org.rbt.qvu.SecurityConfig: security.type=basic

2023-07-01 10:59:01.944  INFO org.rbt.qvu.SecurityConfig: security.type=basic

2023-07-01 10:59:01.945  INFO org.rbt.qvu.SecurityConfig: inital setup required: true

2023-07-01 10:59:01.945  INFO org.rbt.qvu.SecurityConfig: inital setup required: true

2023-07-01 10:59:01.945 DEBUG org.rbt.qvu.configuration.security.SecurityConfiguration: in SecurityConfiguration.postConstruct()

2023-07-01 10:59:01.945 DEBUG org.rbt.qvu.configuration.security.SecurityConfiguration: in SecurityConfiguration.postConstruct()

2023-07-01 10:59:01.946 DEBUG org.rbt.qvu.configuration.security.BasicConfiguration: in BasicConfiguration.postConstruct()

2023-07-01 10:59:01.946 DEBUG org.rbt.qvu.configuration.security.BasicConfiguration: in BasicConfiguration.postConstruct()

2023-07-01 10:59:01.951  INFO org.rbt.qvu.configuration.database.DataSources: in QvuDataSource.init()

2023-07-01 10:59:01.951  INFO org.rbt.qvu.configuration.database.DataSources: in QvuDataSource.init()

2023-07-01 10:59:01.954 DEBUG org.rbt.qvu.configuration.database.DataSources: datasources: {"datasources":[]}

2023-07-01 10:59:01.954 DEBUG org.rbt.qvu.configuration.database.DataSources: datasources: {"datasources":[]}

2023-07-01 10:59:01.956  INFO org.rbt.qvu.configuration.security.BasicAuthSecurityProvider: in BasicAuthSecurityProvider.init()

2023-07-01 10:59:01.956  INFO org.rbt.qvu.configuration.security.BasicAuthSecurityProvider: in BasicAuthSecurityProvider.init()

2023-07-01 10:59:01.956  INFO org.rbt.qvu.configuration.security.BasicAuthSecurityProvider: authenticatorClass=

2023-07-01 10:59:01.956  INFO org.rbt.qvu.configuration.security.BasicAuthSecurityProvider: authenticatorClass=

2023-07-01 10:59:01.995  INFO org.rbt.qvu.services.MainServiceImpl: in MainServiceImpl.init()

2023-07-01 10:59:01.995  INFO org.rbt.qvu.services.MainServiceImpl: in MainServiceImpl.init()

2023-07-01 10:59:01.998  INFO org.rbt.qvu.controllers.MainController: in MainController.init()

2023-07-01 10:59:01.998  INFO org.rbt.qvu.controllers.MainController: in MainController.init()

2023-07-01 10:59:02.000  INFO org.rbt.qvu.SecurityConfig: in SecurityConfig.init()

2023-07-01 10:59:02.000  INFO org.rbt.qvu.SecurityConfig: in SecurityConfig.init()

2023-07-01 10:59:02.347  WARN org.springframework.boot.web.servlet.context.AnnotationConfigServletWebServerApplicationContext: Exception encountered during context initialization - cancelling refresh attempt: org.springframework.context.ApplicationContextException: Failed to start bean 'webServerStartStop'

2023-07-01 10:59:02.528 ERROR org.springframework.boot.diagnostics.LoggingFailureAnalysisReporter: 

***************************
APPLICATION FAILED TO START
***************************

Description:

Web server failed to start. Port 8088 was already in use.

Action:

Identify and stop the process that's listening on port 8088 or configure this application to listen on another port.


2023-07-01 11:14:38.846  INFO org.rbt.qvu.QvuApplication: Starting QvuApplication using Java 20.0.1 with PID 10380 (C:\dev\projects\qvu\target\classes started by rbtuc in C:\dev\projects\qvu)

2023-07-01 11:14:38.846  INFO org.rbt.qvu.QvuApplication: Starting QvuApplication using Java 20.0.1 with PID 10380 (C:\dev\projects\qvu\target\classes started by rbtuc in C:\dev\projects\qvu)

2023-07-01 11:14:38.848 DEBUG org.rbt.qvu.QvuApplication: Running with Spring Boot v3.1.0, Spring v6.0.9

2023-07-01 11:14:38.848 DEBUG org.rbt.qvu.QvuApplication: Running with Spring Boot v3.1.0, Spring v6.0.9

2023-07-01 11:14:38.849  INFO org.rbt.qvu.QvuApplication: No active profile set, falling back to 1 default profile: "default"

2023-07-01 11:14:38.849  INFO org.rbt.qvu.QvuApplication: No active profile set, falling back to 1 default profile: "default"

2023-07-01 11:14:39.979  INFO org.rbt.qvu.SecurityConfig:  in Config.init()

2023-07-01 11:14:39.979  INFO org.rbt.qvu.SecurityConfig:  in Config.init()

2023-07-01 11:14:39.980 ERROR org.rbt.qvu.SecurityConfig: ------->1

2023-07-01 11:14:39.980 ERROR org.rbt.qvu.SecurityConfig: ------->1

2023-07-01 11:14:40.024 ERROR org.rbt.qvu.SecurityConfig: ------->2

2023-07-01 11:14:40.024 ERROR org.rbt.qvu.SecurityConfig: ------->2

2023-07-01 11:14:40.026 ERROR org.rbt.qvu.SecurityConfig: ------->3

2023-07-01 11:14:40.026 ERROR org.rbt.qvu.SecurityConfig: ------->3

2023-07-01 11:14:40.029 ERROR org.rbt.qvu.SecurityConfig: ------->4

2023-07-01 11:14:40.029 ERROR org.rbt.qvu.SecurityConfig: ------->4

2023-07-01 11:14:40.030  INFO org.rbt.qvu.SecurityConfig: force.init=false

2023-07-01 11:14:40.030  INFO org.rbt.qvu.SecurityConfig: force.init=false

2023-07-01 11:14:40.031  INFO org.rbt.qvu.SecurityConfig: repository.folder=-

2023-07-01 11:14:40.031  INFO org.rbt.qvu.SecurityConfig: repository.folder=-

2023-07-01 11:14:40.032  INFO org.rbt.qvu.SecurityConfig: security.type=basic

2023-07-01 11:14:40.032  INFO org.rbt.qvu.SecurityConfig: security.type=basic

2023-07-01 11:14:40.032  INFO org.rbt.qvu.SecurityConfig: inital setup required: true

2023-07-01 11:14:40.032  INFO org.rbt.qvu.SecurityConfig: inital setup required: true

2023-07-01 11:14:40.033 DEBUG org.rbt.qvu.configuration.security.SecurityConfiguration: in SecurityConfiguration.postConstruct()

2023-07-01 11:14:40.033 DEBUG org.rbt.qvu.configuration.security.SecurityConfiguration: in SecurityConfiguration.postConstruct()

2023-07-01 11:14:40.033 DEBUG org.rbt.qvu.configuration.security.BasicConfiguration: in BasicConfiguration.postConstruct()

2023-07-01 11:14:40.033 DEBUG org.rbt.qvu.configuration.security.BasicConfiguration: in BasicConfiguration.postConstruct()

2023-07-01 11:14:40.038  INFO org.rbt.qvu.configuration.database.DataSources: in QvuDataSource.init()

2023-07-01 11:14:40.038  INFO org.rbt.qvu.configuration.database.DataSources: in QvuDataSource.init()

2023-07-01 11:14:40.041 DEBUG org.rbt.qvu.configuration.database.DataSources: datasources: {"datasources":[]}

2023-07-01 11:14:40.041 DEBUG org.rbt.qvu.configuration.database.DataSources: datasources: {"datasources":[]}

2023-07-01 11:14:40.042  INFO org.rbt.qvu.configuration.security.BasicAuthSecurityProvider: in BasicAuthSecurityProvider.init()

2023-07-01 11:14:40.042  INFO org.rbt.qvu.configuration.security.BasicAuthSecurityProvider: in BasicAuthSecurityProvider.init()

2023-07-01 11:14:40.042  INFO org.rbt.qvu.configuration.security.BasicAuthSecurityProvider: authenticatorClass=

2023-07-01 11:14:40.042  INFO org.rbt.qvu.configuration.security.BasicAuthSecurityProvider: authenticatorClass=

2023-07-01 11:14:40.080  INFO org.rbt.qvu.services.MainServiceImpl: in MainServiceImpl.init()

2023-07-01 11:14:40.080  INFO org.rbt.qvu.services.MainServiceImpl: in MainServiceImpl.init()

2023-07-01 11:14:40.080  INFO org.rbt.qvu.controllers.MainController: in MainController.init()

2023-07-01 11:14:40.080  INFO org.rbt.qvu.controllers.MainController: in MainController.init()

2023-07-01 11:14:40.080  INFO org.rbt.qvu.SecurityConfig: in SecurityConfig.init()

2023-07-01 11:14:40.080  INFO org.rbt.qvu.SecurityConfig: in SecurityConfig.init()

2023-07-01 11:14:40.458  INFO org.rbt.qvu.QvuApplication: Started QvuApplication in 2.126 seconds (process running for 2.488)

2023-07-01 11:14:40.458  INFO org.rbt.qvu.QvuApplication: Started QvuApplication in 2.126 seconds (process running for 2.488)

2023-07-01 11:18:51.759  INFO org.rbt.qvu.QvuApplication: Starting QvuApplication using Java 20.0.1 with PID 13228 (C:\dev\projects\qvu\target\classes started by rbtuc in C:\dev\projects\qvu)

2023-07-01 11:18:51.759  INFO org.rbt.qvu.QvuApplication: Starting QvuApplication using Java 20.0.1 with PID 13228 (C:\dev\projects\qvu\target\classes started by rbtuc in C:\dev\projects\qvu)

2023-07-01 11:18:51.761 DEBUG org.rbt.qvu.QvuApplication: Running with Spring Boot v3.1.0, Spring v6.0.9

2023-07-01 11:18:51.761 DEBUG org.rbt.qvu.QvuApplication: Running with Spring Boot v3.1.0, Spring v6.0.9

2023-07-01 11:18:51.762  INFO org.rbt.qvu.QvuApplication: No active profile set, falling back to 1 default profile: "default"

2023-07-01 11:18:51.762  INFO org.rbt.qvu.QvuApplication: No active profile set, falling back to 1 default profile: "default"

2023-07-01 11:18:52.909  INFO org.rbt.qvu.SecurityConfig:  in Config.init()

2023-07-01 11:18:52.909  INFO org.rbt.qvu.SecurityConfig:  in Config.init()

2023-07-01 11:18:52.909 ERROR org.rbt.qvu.SecurityConfig: ------->1

2023-07-01 11:18:52.909 ERROR org.rbt.qvu.SecurityConfig: ------->1

2023-07-01 11:18:52.945 ERROR org.rbt.qvu.SecurityConfig: ------->2

2023-07-01 11:18:52.945 ERROR org.rbt.qvu.SecurityConfig: ------->2

2023-07-01 11:18:52.946 ERROR org.rbt.qvu.SecurityConfig: ------->3

2023-07-01 11:18:52.946 ERROR org.rbt.qvu.SecurityConfig: ------->3

2023-07-01 11:18:52.949 ERROR org.rbt.qvu.SecurityConfig: ------->4

2023-07-01 11:18:52.949 ERROR org.rbt.qvu.SecurityConfig: ------->4

2023-07-01 11:18:52.950  INFO org.rbt.qvu.SecurityConfig: force.init=false

2023-07-01 11:18:52.950  INFO org.rbt.qvu.SecurityConfig: force.init=false

2023-07-01 11:18:52.951  INFO org.rbt.qvu.SecurityConfig: repository.folder=-

2023-07-01 11:18:52.951  INFO org.rbt.qvu.SecurityConfig: repository.folder=-

2023-07-01 11:18:52.951  INFO org.rbt.qvu.SecurityConfig: security.type=basic

2023-07-01 11:18:52.951  INFO org.rbt.qvu.SecurityConfig: security.type=basic

2023-07-01 11:18:52.951  INFO org.rbt.qvu.SecurityConfig: inital setup required: true

2023-07-01 11:18:52.951  INFO org.rbt.qvu.SecurityConfig: inital setup required: true

2023-07-01 11:18:52.952 DEBUG org.rbt.qvu.configuration.security.SecurityConfiguration: in SecurityConfiguration.postConstruct()

2023-07-01 11:18:52.952 DEBUG org.rbt.qvu.configuration.security.SecurityConfiguration: in SecurityConfiguration.postConstruct()

2023-07-01 11:18:52.952 DEBUG org.rbt.qvu.configuration.security.BasicConfiguration: in BasicConfiguration.postConstruct()

2023-07-01 11:18:52.952 DEBUG org.rbt.qvu.configuration.security.BasicConfiguration: in BasicConfiguration.postConstruct()

2023-07-01 11:18:52.958  INFO org.rbt.qvu.configuration.database.DataSources: in QvuDataSource.init()

2023-07-01 11:18:52.958  INFO org.rbt.qvu.configuration.database.DataSources: in QvuDataSource.init()

2023-07-01 11:18:52.959 DEBUG org.rbt.qvu.configuration.database.DataSources: datasources: {"datasources":[]}

2023-07-01 11:18:52.959 DEBUG org.rbt.qvu.configuration.database.DataSources: datasources: {"datasources":[]}

2023-07-01 11:18:52.959  INFO org.rbt.qvu.configuration.security.BasicAuthSecurityProvider: in BasicAuthSecurityProvider.init()

2023-07-01 11:18:52.959  INFO org.rbt.qvu.configuration.security.BasicAuthSecurityProvider: in BasicAuthSecurityProvider.init()

2023-07-01 11:18:52.959  INFO org.rbt.qvu.configuration.security.BasicAuthSecurityProvider: authenticatorClass=

2023-07-01 11:18:52.959  INFO org.rbt.qvu.configuration.security.BasicAuthSecurityProvider: authenticatorClass=

2023-07-01 11:18:53.003  INFO org.rbt.qvu.services.MainServiceImpl: in MainServiceImpl.init()

2023-07-01 11:18:53.003  INFO org.rbt.qvu.services.MainServiceImpl: in MainServiceImpl.init()

2023-07-01 11:18:53.005  INFO org.rbt.qvu.controllers.MainController: in MainController.init()

2023-07-01 11:18:53.005  INFO org.rbt.qvu.controllers.MainController: in MainController.init()

2023-07-01 11:18:53.009  INFO org.rbt.qvu.SecurityConfig: in SecurityConfig.init()

2023-07-01 11:18:53.009  INFO org.rbt.qvu.SecurityConfig: in SecurityConfig.init()

2023-07-01 11:18:53.376  INFO org.rbt.qvu.QvuApplication: Started QvuApplication in 2.139 seconds (process running for 2.531)

2023-07-01 11:18:53.376  INFO org.rbt.qvu.QvuApplication: Started QvuApplication in 2.139 seconds (process running for 2.531)

2023-07-01 11:23:47.535  INFO org.rbt.qvu.QvuApplication: Starting QvuApplication using Java 20.0.1 with PID 3052 (C:\dev\projects\qvu\target\classes started by rbtuc in C:\dev\projects\qvu)

2023-07-01 11:23:47.535  INFO org.rbt.qvu.QvuApplication: Starting QvuApplication using Java 20.0.1 with PID 3052 (C:\dev\projects\qvu\target\classes started by rbtuc in C:\dev\projects\qvu)

2023-07-01 11:23:47.537 DEBUG org.rbt.qvu.QvuApplication: Running with Spring Boot v3.1.0, Spring v6.0.9

2023-07-01 11:23:47.537 DEBUG org.rbt.qvu.QvuApplication: Running with Spring Boot v3.1.0, Spring v6.0.9

2023-07-01 11:23:47.539  INFO org.rbt.qvu.QvuApplication: No active profile set, falling back to 1 default profile: "default"

2023-07-01 11:23:47.539  INFO org.rbt.qvu.QvuApplication: No active profile set, falling back to 1 default profile: "default"

2023-07-01 11:23:48.653  INFO org.rbt.qvu.SecurityConfig:  in Config.init()

2023-07-01 11:23:48.653  INFO org.rbt.qvu.SecurityConfig:  in Config.init()

2023-07-01 11:23:48.653 ERROR org.rbt.qvu.SecurityConfig: ------->1

2023-07-01 11:23:48.653 ERROR org.rbt.qvu.SecurityConfig: ------->1

2023-07-01 11:23:48.690 ERROR org.rbt.qvu.SecurityConfig: ------->2

2023-07-01 11:23:48.690 ERROR org.rbt.qvu.SecurityConfig: ------->2

2023-07-01 11:23:48.692 ERROR org.rbt.qvu.SecurityConfig: ------->3

2023-07-01 11:23:48.692 ERROR org.rbt.qvu.SecurityConfig: ------->3

2023-07-01 11:23:48.695 ERROR org.rbt.qvu.SecurityConfig: ------->4

2023-07-01 11:23:48.695 ERROR org.rbt.qvu.SecurityConfig: ------->4

2023-07-01 11:23:48.696  INFO org.rbt.qvu.SecurityConfig: force.init=false

2023-07-01 11:23:48.696  INFO org.rbt.qvu.SecurityConfig: force.init=false

2023-07-01 11:23:48.696  INFO org.rbt.qvu.SecurityConfig: repository.folder=-

2023-07-01 11:23:48.696  INFO org.rbt.qvu.SecurityConfig: repository.folder=-

2023-07-01 11:23:48.696  INFO org.rbt.qvu.SecurityConfig: security.type=basic

2023-07-01 11:23:48.696  INFO org.rbt.qvu.SecurityConfig: security.type=basic

2023-07-01 11:23:48.697  INFO org.rbt.qvu.SecurityConfig: inital setup required: true

2023-07-01 11:23:48.697  INFO org.rbt.qvu.SecurityConfig: inital setup required: true

2023-07-01 11:23:48.697 DEBUG org.rbt.qvu.configuration.security.SecurityConfiguration: in SecurityConfiguration.postConstruct()

2023-07-01 11:23:48.697 DEBUG org.rbt.qvu.configuration.security.SecurityConfiguration: in SecurityConfiguration.postConstruct()

2023-07-01 11:23:48.698 DEBUG org.rbt.qvu.configuration.security.BasicConfiguration: in BasicConfiguration.postConstruct()

2023-07-01 11:23:48.698 DEBUG org.rbt.qvu.configuration.security.BasicConfiguration: in BasicConfiguration.postConstruct()

2023-07-01 11:23:48.704  INFO org.rbt.qvu.configuration.database.DataSources: in QvuDataSource.init()

2023-07-01 11:23:48.704  INFO org.rbt.qvu.configuration.database.DataSources: in QvuDataSource.init()

2023-07-01 11:23:48.709 DEBUG org.rbt.qvu.configuration.database.DataSources: datasources: {"datasources":[]}

2023-07-01 11:23:48.709 DEBUG org.rbt.qvu.configuration.database.DataSources: datasources: {"datasources":[]}

2023-07-01 11:23:48.710  INFO org.rbt.qvu.configuration.security.BasicAuthSecurityProvider: in BasicAuthSecurityProvider.init()

2023-07-01 11:23:48.710  INFO org.rbt.qvu.configuration.security.BasicAuthSecurityProvider: in BasicAuthSecurityProvider.init()

2023-07-01 11:23:48.711  INFO org.rbt.qvu.configuration.security.BasicAuthSecurityProvider: authenticatorClass=

2023-07-01 11:23:48.711  INFO org.rbt.qvu.configuration.security.BasicAuthSecurityProvider: authenticatorClass=

2023-07-01 11:23:48.752  INFO org.rbt.qvu.services.MainServiceImpl: in MainServiceImpl.init()

2023-07-01 11:23:48.752  INFO org.rbt.qvu.services.MainServiceImpl: in MainServiceImpl.init()

2023-07-01 11:23:48.755  INFO org.rbt.qvu.controllers.MainController: in MainController.init()

2023-07-01 11:23:48.755  INFO org.rbt.qvu.controllers.MainController: in MainController.init()

2023-07-01 11:23:48.758  INFO org.rbt.qvu.SecurityConfig: in SecurityConfig.init()

2023-07-01 11:23:48.758  INFO org.rbt.qvu.SecurityConfig: in SecurityConfig.init()

2023-07-01 11:23:49.115  INFO org.rbt.qvu.QvuApplication: Started QvuApplication in 2.076 seconds (process running for 2.432)

2023-07-01 11:23:49.115  INFO org.rbt.qvu.QvuApplication: Started QvuApplication in 2.076 seconds (process running for 2.432)

2023-07-01 11:28:59.835  INFO org.rbt.qvu.QvuApplication: Starting QvuApplication using Java 20.0.1 with PID 11576 (C:\dev\projects\qvu\target\classes started by rbtuc in C:\dev\projects\qvu)

2023-07-01 11:28:59.835  INFO org.rbt.qvu.QvuApplication: Starting QvuApplication using Java 20.0.1 with PID 11576 (C:\dev\projects\qvu\target\classes started by rbtuc in C:\dev\projects\qvu)

2023-07-01 11:28:59.837 DEBUG org.rbt.qvu.QvuApplication: Running with Spring Boot v3.1.0, Spring v6.0.9

2023-07-01 11:28:59.837 DEBUG org.rbt.qvu.QvuApplication: Running with Spring Boot v3.1.0, Spring v6.0.9

2023-07-01 11:28:59.838  INFO org.rbt.qvu.QvuApplication: No active profile set, falling back to 1 default profile: "default"

2023-07-01 11:28:59.838  INFO org.rbt.qvu.QvuApplication: No active profile set, falling back to 1 default profile: "default"

2023-07-01 11:29:00.944  INFO org.rbt.qvu.SecurityConfig:  in Config.init()

2023-07-01 11:29:00.944  INFO org.rbt.qvu.SecurityConfig:  in Config.init()

2023-07-01 11:29:00.944 ERROR org.rbt.qvu.SecurityConfig: ------->1

2023-07-01 11:29:00.944 ERROR org.rbt.qvu.SecurityConfig: ------->1

2023-07-01 11:29:00.981 ERROR org.rbt.qvu.SecurityConfig: ------->2

2023-07-01 11:29:00.981 ERROR org.rbt.qvu.SecurityConfig: ------->2

2023-07-01 11:29:00.982 ERROR org.rbt.qvu.SecurityConfig: ------->3

2023-07-01 11:29:00.982 ERROR org.rbt.qvu.SecurityConfig: ------->3

2023-07-01 11:29:00.985 ERROR org.rbt.qvu.SecurityConfig: ------->4

2023-07-01 11:29:00.985 ERROR org.rbt.qvu.SecurityConfig: ------->4

2023-07-01 11:29:00.986  INFO org.rbt.qvu.SecurityConfig: force.init=false

2023-07-01 11:29:00.986  INFO org.rbt.qvu.SecurityConfig: force.init=false

2023-07-01 11:29:00.987  INFO org.rbt.qvu.SecurityConfig: repository.folder=-

2023-07-01 11:29:00.987  INFO org.rbt.qvu.SecurityConfig: repository.folder=-

2023-07-01 11:29:00.987  INFO org.rbt.qvu.SecurityConfig: security.type=basic

2023-07-01 11:29:00.987  INFO org.rbt.qvu.SecurityConfig: security.type=basic

2023-07-01 11:29:00.987  INFO org.rbt.qvu.SecurityConfig: inital setup required: true

2023-07-01 11:29:00.987  INFO org.rbt.qvu.SecurityConfig: inital setup required: true

2023-07-01 11:29:00.988 DEBUG org.rbt.qvu.configuration.security.SecurityConfiguration: in SecurityConfiguration.postConstruct()

2023-07-01 11:29:00.988 DEBUG org.rbt.qvu.configuration.security.SecurityConfiguration: in SecurityConfiguration.postConstruct()

2023-07-01 11:29:00.988 DEBUG org.rbt.qvu.configuration.security.BasicConfiguration: in BasicConfiguration.postConstruct()

2023-07-01 11:29:00.988 DEBUG org.rbt.qvu.configuration.security.BasicConfiguration: in BasicConfiguration.postConstruct()

2023-07-01 11:29:00.994  INFO org.rbt.qvu.configuration.database.DataSources: in QvuDataSource.init()

2023-07-01 11:29:00.994  INFO org.rbt.qvu.configuration.database.DataSources: in QvuDataSource.init()

2023-07-01 11:29:00.998 DEBUG org.rbt.qvu.configuration.database.DataSources: datasources: {"datasources":[]}

2023-07-01 11:29:00.998 DEBUG org.rbt.qvu.configuration.database.DataSources: datasources: {"datasources":[]}

2023-07-01 11:29:01.000  INFO org.rbt.qvu.configuration.security.BasicAuthSecurityProvider: in BasicAuthSecurityProvider.init()

2023-07-01 11:29:01.000  INFO org.rbt.qvu.configuration.security.BasicAuthSecurityProvider: in BasicAuthSecurityProvider.init()

2023-07-01 11:29:01.001  INFO org.rbt.qvu.configuration.security.BasicAuthSecurityProvider: authenticatorClass=

2023-07-01 11:29:01.001  INFO org.rbt.qvu.configuration.security.BasicAuthSecurityProvider: authenticatorClass=

2023-07-01 11:29:01.042  INFO org.rbt.qvu.services.MainServiceImpl: in MainServiceImpl.init()

2023-07-01 11:29:01.042  INFO org.rbt.qvu.services.MainServiceImpl: in MainServiceImpl.init()

2023-07-01 11:29:01.044  INFO org.rbt.qvu.controllers.MainController: in MainController.init()

2023-07-01 11:29:01.044  INFO org.rbt.qvu.controllers.MainController: in MainController.init()

2023-07-01 11:29:01.047  INFO org.rbt.qvu.SecurityConfig: in SecurityConfig.init()

2023-07-01 11:29:01.047  INFO org.rbt.qvu.SecurityConfig: in SecurityConfig.init()

2023-07-01 11:29:01.414  INFO org.rbt.qvu.QvuApplication: Started QvuApplication in 2.071 seconds (process running for 2.429)

2023-07-01 11:29:01.414  INFO org.rbt.qvu.QvuApplication: Started QvuApplication in 2.071 seconds (process running for 2.429)

2023-07-01 11:33:53.698  INFO org.rbt.qvu.QvuApplication: Starting QvuApplication using Java 20.0.1 with PID 1416 (C:\dev\projects\qvu\target\classes started by rbtuc in C:\dev\projects\qvu)

2023-07-01 11:33:53.698  INFO org.rbt.qvu.QvuApplication: Starting QvuApplication using Java 20.0.1 with PID 1416 (C:\dev\projects\qvu\target\classes started by rbtuc in C:\dev\projects\qvu)

2023-07-01 11:33:53.700 DEBUG org.rbt.qvu.QvuApplication: Running with Spring Boot v3.1.0, Spring v6.0.9

2023-07-01 11:33:53.700 DEBUG org.rbt.qvu.QvuApplication: Running with Spring Boot v3.1.0, Spring v6.0.9

2023-07-01 11:33:53.701  INFO org.rbt.qvu.QvuApplication: No active profile set, falling back to 1 default profile: "default"

2023-07-01 11:33:53.701  INFO org.rbt.qvu.QvuApplication: No active profile set, falling back to 1 default profile: "default"

2023-07-01 11:33:54.789  INFO org.rbt.qvu.SecurityConfig:  in Config.init()

2023-07-01 11:33:54.789  INFO org.rbt.qvu.SecurityConfig:  in Config.init()

2023-07-01 11:33:54.789 ERROR org.rbt.qvu.SecurityConfig: ------->1

2023-07-01 11:33:54.789 ERROR org.rbt.qvu.SecurityConfig: ------->1

2023-07-01 11:33:54.824 ERROR org.rbt.qvu.SecurityConfig: ------->2

2023-07-01 11:33:54.824 ERROR org.rbt.qvu.SecurityConfig: ------->2

2023-07-01 11:33:54.826 ERROR org.rbt.qvu.SecurityConfig: ------->3

2023-07-01 11:33:54.826 ERROR org.rbt.qvu.SecurityConfig: ------->3

2023-07-01 11:33:54.829 ERROR org.rbt.qvu.SecurityConfig: ------->4

2023-07-01 11:33:54.829 ERROR org.rbt.qvu.SecurityConfig: ------->4

2023-07-01 11:33:54.830  INFO org.rbt.qvu.SecurityConfig: force.init=false

2023-07-01 11:33:54.830  INFO org.rbt.qvu.SecurityConfig: force.init=false

2023-07-01 11:33:54.830  INFO org.rbt.qvu.SecurityConfig: repository.folder=-

2023-07-01 11:33:54.830  INFO org.rbt.qvu.SecurityConfig: repository.folder=-

2023-07-01 11:33:54.832  INFO org.rbt.qvu.SecurityConfig: security.type=basic

2023-07-01 11:33:54.832  INFO org.rbt.qvu.SecurityConfig: security.type=basic

2023-07-01 11:33:54.832  INFO org.rbt.qvu.SecurityConfig: inital setup required: true

2023-07-01 11:33:54.832  INFO org.rbt.qvu.SecurityConfig: inital setup required: true

2023-07-01 11:33:54.833 DEBUG org.rbt.qvu.configuration.security.SecurityConfiguration: in SecurityConfiguration.postConstruct()

2023-07-01 11:33:54.833 DEBUG org.rbt.qvu.configuration.security.SecurityConfiguration: in SecurityConfiguration.postConstruct()

2023-07-01 11:33:54.834 DEBUG org.rbt.qvu.configuration.security.BasicConfiguration: in BasicConfiguration.postConstruct()

2023-07-01 11:33:54.834 DEBUG org.rbt.qvu.configuration.security.BasicConfiguration: in BasicConfiguration.postConstruct()

2023-07-01 11:33:54.839  INFO org.rbt.qvu.configuration.database.DataSources: in QvuDataSource.init()

2023-07-01 11:33:54.839  INFO org.rbt.qvu.configuration.database.DataSources: in QvuDataSource.init()

2023-07-01 11:33:54.843 DEBUG org.rbt.qvu.configuration.database.DataSources: datasources: {"datasources":[]}

2023-07-01 11:33:54.843 DEBUG org.rbt.qvu.configuration.database.DataSources: datasources: {"datasources":[]}

2023-07-01 11:33:54.845  INFO org.rbt.qvu.configuration.security.BasicAuthSecurityProvider: in BasicAuthSecurityProvider.init()

2023-07-01 11:33:54.845  INFO org.rbt.qvu.configuration.security.BasicAuthSecurityProvider: in BasicAuthSecurityProvider.init()

2023-07-01 11:33:54.846  INFO org.rbt.qvu.configuration.security.BasicAuthSecurityProvider: authenticatorClass=

2023-07-01 11:33:54.846  INFO org.rbt.qvu.configuration.security.BasicAuthSecurityProvider: authenticatorClass=

2023-07-01 11:33:54.884  INFO org.rbt.qvu.services.MainServiceImpl: in MainServiceImpl.init()

2023-07-01 11:33:54.884  INFO org.rbt.qvu.services.MainServiceImpl: in MainServiceImpl.init()

2023-07-01 11:33:54.886  INFO org.rbt.qvu.controllers.MainController: in MainController.init()

2023-07-01 11:33:54.886  INFO org.rbt.qvu.controllers.MainController: in MainController.init()

2023-07-01 11:33:54.889  INFO org.rbt.qvu.SecurityConfig: in SecurityConfig.init()

2023-07-01 11:33:54.889  INFO org.rbt.qvu.SecurityConfig: in SecurityConfig.init()

2023-07-01 11:33:55.254  INFO org.rbt.qvu.QvuApplication: Started QvuApplication in 2.046 seconds (process running for 2.408)

2023-07-01 11:33:55.254  INFO org.rbt.qvu.QvuApplication: Started QvuApplication in 2.046 seconds (process running for 2.408)

2023-07-01 11:39:39.034  INFO org.rbt.qvu.QvuApplication: Starting QvuApplication using Java 20.0.1 with PID 10072 (C:\dev\projects\qvu\target\classes started by rbtuc in C:\dev\projects\qvu)

2023-07-01 11:39:39.034  INFO org.rbt.qvu.QvuApplication: Starting QvuApplication using Java 20.0.1 with PID 10072 (C:\dev\projects\qvu\target\classes started by rbtuc in C:\dev\projects\qvu)

2023-07-01 11:39:39.036 DEBUG org.rbt.qvu.QvuApplication: Running with Spring Boot v3.1.0, Spring v6.0.9

2023-07-01 11:39:39.036 DEBUG org.rbt.qvu.QvuApplication: Running with Spring Boot v3.1.0, Spring v6.0.9

2023-07-01 11:39:39.037  INFO org.rbt.qvu.QvuApplication: No active profile set, falling back to 1 default profile: "default"

2023-07-01 11:39:39.037  INFO org.rbt.qvu.QvuApplication: No active profile set, falling back to 1 default profile: "default"

2023-07-01 11:39:40.165  INFO org.rbt.qvu.SecurityConfig:  in Config.init()

2023-07-01 11:39:40.165  INFO org.rbt.qvu.SecurityConfig:  in Config.init()

2023-07-01 11:39:40.166 ERROR org.rbt.qvu.SecurityConfig: ------->1

2023-07-01 11:39:40.166 ERROR org.rbt.qvu.SecurityConfig: ------->1

2023-07-01 11:39:40.201 ERROR org.rbt.qvu.SecurityConfig: ------->2

2023-07-01 11:39:40.201 ERROR org.rbt.qvu.SecurityConfig: ------->2

2023-07-01 11:39:40.203 ERROR org.rbt.qvu.SecurityConfig: ------->3

2023-07-01 11:39:40.203 ERROR org.rbt.qvu.SecurityConfig: ------->3

2023-07-01 11:39:40.207 ERROR org.rbt.qvu.SecurityConfig: ------->4

2023-07-01 11:39:40.207 ERROR org.rbt.qvu.SecurityConfig: ------->4

2023-07-01 11:39:40.207  INFO org.rbt.qvu.SecurityConfig: force.init=false

2023-07-01 11:39:40.207  INFO org.rbt.qvu.SecurityConfig: force.init=false

2023-07-01 11:39:40.208  INFO org.rbt.qvu.SecurityConfig: repository.folder=-

2023-07-01 11:39:40.208  INFO org.rbt.qvu.SecurityConfig: repository.folder=-

2023-07-01 11:39:40.208  INFO org.rbt.qvu.SecurityConfig: security.type=basic

2023-07-01 11:39:40.208  INFO org.rbt.qvu.SecurityConfig: security.type=basic

2023-07-01 11:39:40.210  INFO org.rbt.qvu.SecurityConfig: inital setup required: true

2023-07-01 11:39:40.210  INFO org.rbt.qvu.SecurityConfig: inital setup required: true

2023-07-01 11:39:40.210 DEBUG org.rbt.qvu.configuration.security.SecurityConfiguration: in SecurityConfiguration.postConstruct()

2023-07-01 11:39:40.210 DEBUG org.rbt.qvu.configuration.security.SecurityConfiguration: in SecurityConfiguration.postConstruct()

2023-07-01 11:39:40.211 DEBUG org.rbt.qvu.configuration.security.BasicConfiguration: in BasicConfiguration.postConstruct()

2023-07-01 11:39:40.211 DEBUG org.rbt.qvu.configuration.security.BasicConfiguration: in BasicConfiguration.postConstruct()

2023-07-01 11:39:40.219  INFO org.rbt.qvu.configuration.database.DataSources: in QvuDataSource.init()

2023-07-01 11:39:40.219  INFO org.rbt.qvu.configuration.database.DataSources: in QvuDataSource.init()

2023-07-01 11:39:40.222 DEBUG org.rbt.qvu.configuration.database.DataSources: datasources: {"datasources":[]}

2023-07-01 11:39:40.222 DEBUG org.rbt.qvu.configuration.database.DataSources: datasources: {"datasources":[]}

2023-07-01 11:39:40.224  INFO org.rbt.qvu.configuration.security.BasicAuthSecurityProvider: in BasicAuthSecurityProvider.init()

2023-07-01 11:39:40.224  INFO org.rbt.qvu.configuration.security.BasicAuthSecurityProvider: in BasicAuthSecurityProvider.init()

2023-07-01 11:39:40.224  INFO org.rbt.qvu.configuration.security.BasicAuthSecurityProvider: authenticatorClass=

2023-07-01 11:39:40.224  INFO org.rbt.qvu.configuration.security.BasicAuthSecurityProvider: authenticatorClass=

2023-07-01 11:39:40.264  INFO org.rbt.qvu.services.MainServiceImpl: in MainServiceImpl.init()

2023-07-01 11:39:40.264  INFO org.rbt.qvu.services.MainServiceImpl: in MainServiceImpl.init()

2023-07-01 11:39:40.266  INFO org.rbt.qvu.controllers.MainController: in MainController.init()

2023-07-01 11:39:40.266  INFO org.rbt.qvu.controllers.MainController: in MainController.init()

2023-07-01 11:39:40.269  INFO org.rbt.qvu.SecurityConfig: in SecurityConfig.init()

2023-07-01 11:39:40.269  INFO org.rbt.qvu.SecurityConfig: in SecurityConfig.init()

2023-07-01 11:39:40.637  INFO org.rbt.qvu.QvuApplication: Started QvuApplication in 2.107 seconds (process running for 2.495)

2023-07-01 11:39:40.637  INFO org.rbt.qvu.QvuApplication: Started QvuApplication in 2.107 seconds (process running for 2.495)

2023-07-01 11:50:03.576  INFO org.rbt.qvu.QvuApplication: Starting QvuApplication using Java 20.0.1 with PID 4132 (C:\dev\projects\qvu\target\classes started by rbtuc in C:\dev\projects\qvu)

2023-07-01 11:50:03.576  INFO org.rbt.qvu.QvuApplication: Starting QvuApplication using Java 20.0.1 with PID 4132 (C:\dev\projects\qvu\target\classes started by rbtuc in C:\dev\projects\qvu)

2023-07-01 11:50:03.590 DEBUG org.rbt.qvu.QvuApplication: Running with Spring Boot v3.1.0, Spring v6.0.9

2023-07-01 11:50:03.590 DEBUG org.rbt.qvu.QvuApplication: Running with Spring Boot v3.1.0, Spring v6.0.9

2023-07-01 11:50:03.590  INFO org.rbt.qvu.QvuApplication: No active profile set, falling back to 1 default profile: "default"

2023-07-01 11:50:03.590  INFO org.rbt.qvu.QvuApplication: No active profile set, falling back to 1 default profile: "default"

2023-07-01 11:50:04.676  INFO org.rbt.qvu.SecurityConfig:  in Config.init()

2023-07-01 11:50:04.676  INFO org.rbt.qvu.SecurityConfig:  in Config.init()

2023-07-01 11:50:04.676 ERROR org.rbt.qvu.SecurityConfig: ------->1

2023-07-01 11:50:04.676 ERROR org.rbt.qvu.SecurityConfig: ------->1

2023-07-01 11:50:04.706 ERROR org.rbt.qvu.SecurityConfig: ------->2

2023-07-01 11:50:04.706 ERROR org.rbt.qvu.SecurityConfig: ------->2

2023-07-01 11:50:04.706 ERROR org.rbt.qvu.SecurityConfig: ------->3

2023-07-01 11:50:04.706 ERROR org.rbt.qvu.SecurityConfig: ------->3

2023-07-01 11:50:04.706 ERROR org.rbt.qvu.SecurityConfig: ------->4

2023-07-01 11:50:04.706 ERROR org.rbt.qvu.SecurityConfig: ------->4

2023-07-01 11:50:04.706  INFO org.rbt.qvu.SecurityConfig: force.init=false

2023-07-01 11:50:04.706  INFO org.rbt.qvu.SecurityConfig: force.init=false

2023-07-01 11:50:04.706  INFO org.rbt.qvu.SecurityConfig: repository.folder=-

2023-07-01 11:50:04.706  INFO org.rbt.qvu.SecurityConfig: repository.folder=-

2023-07-01 11:50:04.706  INFO org.rbt.qvu.SecurityConfig: security.type=basic

2023-07-01 11:50:04.706  INFO org.rbt.qvu.SecurityConfig: security.type=basic

2023-07-01 11:50:04.706  INFO org.rbt.qvu.SecurityConfig: inital setup required: true

2023-07-01 11:50:04.706  INFO org.rbt.qvu.SecurityConfig: inital setup required: true

2023-07-01 11:50:04.706 DEBUG org.rbt.qvu.configuration.security.SecurityConfiguration: in SecurityConfiguration.postConstruct()

2023-07-01 11:50:04.706 DEBUG org.rbt.qvu.configuration.security.SecurityConfiguration: in SecurityConfiguration.postConstruct()

2023-07-01 11:50:04.706 DEBUG org.rbt.qvu.configuration.security.BasicConfiguration: in BasicConfiguration.postConstruct()

2023-07-01 11:50:04.706 DEBUG org.rbt.qvu.configuration.security.BasicConfiguration: in BasicConfiguration.postConstruct()

2023-07-01 11:50:04.722  INFO org.rbt.qvu.configuration.database.DataSources: in QvuDataSource.init()

2023-07-01 11:50:04.722  INFO org.rbt.qvu.configuration.database.DataSources: in QvuDataSource.init()

2023-07-01 11:50:04.722 DEBUG org.rbt.qvu.configuration.database.DataSources: datasources: {"datasources":[]}

2023-07-01 11:50:04.722 DEBUG org.rbt.qvu.configuration.database.DataSources: datasources: {"datasources":[]}

2023-07-01 11:50:04.722  INFO org.rbt.qvu.configuration.security.BasicAuthSecurityProvider: in BasicAuthSecurityProvider.init()

2023-07-01 11:50:04.722  INFO org.rbt.qvu.configuration.security.BasicAuthSecurityProvider: in BasicAuthSecurityProvider.init()

2023-07-01 11:50:04.722  INFO org.rbt.qvu.configuration.security.BasicAuthSecurityProvider: authenticatorClass=

2023-07-01 11:50:04.722  INFO org.rbt.qvu.configuration.security.BasicAuthSecurityProvider: authenticatorClass=

2023-07-01 11:50:04.774  INFO org.rbt.qvu.services.MainServiceImpl: in MainServiceImpl.init()

2023-07-01 11:50:04.774  INFO org.rbt.qvu.services.MainServiceImpl: in MainServiceImpl.init()

2023-07-01 11:50:04.776  INFO org.rbt.qvu.controllers.MainController: in MainController.init()

2023-07-01 11:50:04.776  INFO org.rbt.qvu.controllers.MainController: in MainController.init()

2023-07-01 11:50:04.778  INFO org.rbt.qvu.SecurityConfig: in SecurityConfig.init()

2023-07-01 11:50:04.778  INFO org.rbt.qvu.SecurityConfig: in SecurityConfig.init()

2023-07-01 11:50:05.142  INFO org.rbt.qvu.QvuApplication: Started QvuApplication in 2.044 seconds (process running for 2.396)

2023-07-01 11:50:05.142  INFO org.rbt.qvu.QvuApplication: Started QvuApplication in 2.044 seconds (process running for 2.396)

2023-07-01 12:57:09.301  INFO org.rbt.qvu.QvuApplication: Starting QvuApplication using Java 20.0.1 with PID 8484 (C:\dev\projects\qvu\target\classes started by rbtuc in C:\dev\projects\qvu)

2023-07-01 12:57:09.301  INFO org.rbt.qvu.QvuApplication: Starting QvuApplication using Java 20.0.1 with PID 8484 (C:\dev\projects\qvu\target\classes started by rbtuc in C:\dev\projects\qvu)

2023-07-01 12:57:09.303 DEBUG org.rbt.qvu.QvuApplication: Running with Spring Boot v3.1.0, Spring v6.0.9

2023-07-01 12:57:09.303 DEBUG org.rbt.qvu.QvuApplication: Running with Spring Boot v3.1.0, Spring v6.0.9

2023-07-01 12:57:09.304  INFO org.rbt.qvu.QvuApplication: No active profile set, falling back to 1 default profile: "default"

2023-07-01 12:57:09.304  INFO org.rbt.qvu.QvuApplication: No active profile set, falling back to 1 default profile: "default"

2023-07-01 12:57:10.385  INFO org.rbt.qvu.SecurityConfig:  in Config.init()

2023-07-01 12:57:10.385  INFO org.rbt.qvu.SecurityConfig:  in Config.init()

2023-07-01 12:57:10.385 ERROR org.rbt.qvu.SecurityConfig: ------->1

2023-07-01 12:57:10.385 ERROR org.rbt.qvu.SecurityConfig: ------->1

2023-07-01 12:57:10.430 ERROR org.rbt.qvu.SecurityConfig: ------->2

2023-07-01 12:57:10.430 ERROR org.rbt.qvu.SecurityConfig: ------->2

2023-07-01 12:57:10.432 ERROR org.rbt.qvu.SecurityConfig: ------->3

2023-07-01 12:57:10.432 ERROR org.rbt.qvu.SecurityConfig: ------->3

2023-07-01 12:57:10.434 ERROR org.rbt.qvu.SecurityConfig: ------->4

2023-07-01 12:57:10.434 ERROR org.rbt.qvu.SecurityConfig: ------->4

2023-07-01 12:57:10.435  INFO org.rbt.qvu.SecurityConfig: force.init=false

2023-07-01 12:57:10.435  INFO org.rbt.qvu.SecurityConfig: force.init=false

2023-07-01 12:57:10.435  INFO org.rbt.qvu.SecurityConfig: repository.folder=-

2023-07-01 12:57:10.435  INFO org.rbt.qvu.SecurityConfig: repository.folder=-

2023-07-01 12:57:10.436  INFO org.rbt.qvu.SecurityConfig: security.type=basic

2023-07-01 12:57:10.436  INFO org.rbt.qvu.SecurityConfig: security.type=basic

2023-07-01 12:57:10.436  INFO org.rbt.qvu.SecurityConfig: inital setup required: true

2023-07-01 12:57:10.436  INFO org.rbt.qvu.SecurityConfig: inital setup required: true

2023-07-01 12:57:10.437 DEBUG org.rbt.qvu.configuration.security.SecurityConfiguration: in SecurityConfiguration.postConstruct()

2023-07-01 12:57:10.437 DEBUG org.rbt.qvu.configuration.security.SecurityConfiguration: in SecurityConfiguration.postConstruct()

2023-07-01 12:57:10.437 DEBUG org.rbt.qvu.configuration.security.BasicConfiguration: in BasicConfiguration.postConstruct()

2023-07-01 12:57:10.437 DEBUG org.rbt.qvu.configuration.security.BasicConfiguration: in BasicConfiguration.postConstruct()

2023-07-01 12:57:10.443  INFO org.rbt.qvu.configuration.database.DataSources: in QvuDataSource.init()

2023-07-01 12:57:10.443  INFO org.rbt.qvu.configuration.database.DataSources: in QvuDataSource.init()

2023-07-01 12:57:10.444 DEBUG org.rbt.qvu.configuration.database.DataSources: datasources: {"datasources":[]}

2023-07-01 12:57:10.444 DEBUG org.rbt.qvu.configuration.database.DataSources: datasources: {"datasources":[]}

2023-07-01 12:57:10.444  INFO org.rbt.qvu.configuration.security.BasicAuthSecurityProvider: in BasicAuthSecurityProvider.init()

2023-07-01 12:57:10.444  INFO org.rbt.qvu.configuration.security.BasicAuthSecurityProvider: in BasicAuthSecurityProvider.init()

2023-07-01 12:57:10.444  INFO org.rbt.qvu.configuration.security.BasicAuthSecurityProvider: authenticatorClass=

2023-07-01 12:57:10.444  INFO org.rbt.qvu.configuration.security.BasicAuthSecurityProvider: authenticatorClass=

2023-07-01 12:57:10.486  INFO org.rbt.qvu.services.MainServiceImpl: in MainServiceImpl.init()

2023-07-01 12:57:10.486  INFO org.rbt.qvu.services.MainServiceImpl: in MainServiceImpl.init()

2023-07-01 12:57:10.488  INFO org.rbt.qvu.controllers.MainController: in MainController.init()

2023-07-01 12:57:10.488  INFO org.rbt.qvu.controllers.MainController: in MainController.init()

2023-07-01 12:57:10.491  INFO org.rbt.qvu.SecurityConfig: in SecurityConfig.init()

2023-07-01 12:57:10.491  INFO org.rbt.qvu.SecurityConfig: in SecurityConfig.init()

2023-07-01 12:57:10.853  INFO org.rbt.qvu.QvuApplication: Started QvuApplication in 2.043 seconds (process running for 2.412)

2023-07-01 12:57:10.853  INFO org.rbt.qvu.QvuApplication: Started QvuApplication in 2.043 seconds (process running for 2.412)

2023-07-01 15:30:11.673  INFO org.rbt.qvu.QvuApplication: Starting QvuApplication using Java 20.0.1 with PID 4444 (C:\dev\projects\qvu\target\classes started by rbtuc in C:\dev\projects\qvu)

2023-07-01 15:30:11.673  INFO org.rbt.qvu.QvuApplication: Starting QvuApplication using Java 20.0.1 with PID 4444 (C:\dev\projects\qvu\target\classes started by rbtuc in C:\dev\projects\qvu)

2023-07-01 15:30:11.689 DEBUG org.rbt.qvu.QvuApplication: Running with Spring Boot v3.1.0, Spring v6.0.9

2023-07-01 15:30:11.689 DEBUG org.rbt.qvu.QvuApplication: Running with Spring Boot v3.1.0, Spring v6.0.9

2023-07-01 15:30:11.689  INFO org.rbt.qvu.QvuApplication: No active profile set, falling back to 1 default profile: "default"

2023-07-01 15:30:11.689  INFO org.rbt.qvu.QvuApplication: No active profile set, falling back to 1 default profile: "default"

2023-07-01 15:30:12.818  INFO org.rbt.qvu.SecurityConfig:  in Config.init()

2023-07-01 15:30:12.818  INFO org.rbt.qvu.SecurityConfig:  in Config.init()

2023-07-01 15:30:12.864  INFO org.rbt.qvu.SecurityConfig: force.init=false

2023-07-01 15:30:12.864  INFO org.rbt.qvu.SecurityConfig: force.init=false

2023-07-01 15:30:12.864  INFO org.rbt.qvu.SecurityConfig: repository.folder=-

2023-07-01 15:30:12.864  INFO org.rbt.qvu.SecurityConfig: repository.folder=-

2023-07-01 15:30:12.865  INFO org.rbt.qvu.SecurityConfig: security.type=basic

2023-07-01 15:30:12.865  INFO org.rbt.qvu.SecurityConfig: security.type=basic

2023-07-01 15:30:12.865  INFO org.rbt.qvu.SecurityConfig: inital setup required: true

2023-07-01 15:30:12.865  INFO org.rbt.qvu.SecurityConfig: inital setup required: true

2023-07-01 15:30:12.866 DEBUG org.rbt.qvu.configuration.security.SecurityConfiguration: in SecurityConfiguration.postConstruct()

2023-07-01 15:30:12.866 DEBUG org.rbt.qvu.configuration.security.SecurityConfiguration: in SecurityConfiguration.postConstruct()

2023-07-01 15:30:12.867 DEBUG org.rbt.qvu.configuration.security.BasicConfiguration: in BasicConfiguration.postConstruct()

2023-07-01 15:30:12.867 DEBUG org.rbt.qvu.configuration.security.BasicConfiguration: in BasicConfiguration.postConstruct()

2023-07-01 15:30:12.872  INFO org.rbt.qvu.configuration.database.DataSources: in QvuDataSource.init()

2023-07-01 15:30:12.872  INFO org.rbt.qvu.configuration.database.DataSources: in QvuDataSource.init()

2023-07-01 15:30:12.878 DEBUG org.rbt.qvu.configuration.database.DataSources: datasources: {"datasources":[]}

2023-07-01 15:30:12.878 DEBUG org.rbt.qvu.configuration.database.DataSources: datasources: {"datasources":[]}

2023-07-01 15:30:12.879  INFO org.rbt.qvu.configuration.security.BasicAuthSecurityProvider: in BasicAuthSecurityProvider.init()

2023-07-01 15:30:12.879  INFO org.rbt.qvu.configuration.security.BasicAuthSecurityProvider: in BasicAuthSecurityProvider.init()

2023-07-01 15:30:12.879  INFO org.rbt.qvu.configuration.security.BasicAuthSecurityProvider: authenticatorClass=

2023-07-01 15:30:12.879  INFO org.rbt.qvu.configuration.security.BasicAuthSecurityProvider: authenticatorClass=

2023-07-01 15:30:12.920  INFO org.rbt.qvu.services.MainServiceImpl: in MainServiceImpl.init()

2023-07-01 15:30:12.920  INFO org.rbt.qvu.services.MainServiceImpl: in MainServiceImpl.init()

2023-07-01 15:30:12.923  INFO org.rbt.qvu.controllers.MainController: in MainController.init()

2023-07-01 15:30:12.923  INFO org.rbt.qvu.controllers.MainController: in MainController.init()

2023-07-01 15:30:12.924  INFO org.rbt.qvu.SecurityConfig: in SecurityConfig.init()

2023-07-01 15:30:12.924  INFO org.rbt.qvu.SecurityConfig: in SecurityConfig.init()

2023-07-01 15:30:13.178  INFO org.rbt.qvu.QvuApplication: Started QvuApplication in 2.064 seconds (process running for 2.492)

2023-07-01 15:30:13.178  INFO org.rbt.qvu.QvuApplication: Started QvuApplication in 2.064 seconds (process running for 2.492)

2023-07-01 15:30:22.245 DEBUG org.rbt.qvu.controllers.MainController: in loadDatasources()

2023-07-01 15:30:22.245 DEBUG org.rbt.qvu.controllers.MainController: in loadDatasources()

2023-07-01 15:30:22.246 DEBUG org.rbt.qvu.configuration.ConfigFileHandler: Datasources: []

2023-07-01 15:30:22.246 DEBUG org.rbt.qvu.configuration.ConfigFileHandler: Datasources: []

2023-07-01 15:30:22.251 DEBUG org.rbt.qvu.controllers.MainController: in loadLang(en-US)

2023-07-01 15:30:22.251 DEBUG org.rbt.qvu.controllers.MainController: in loadLang(en-US)

2023-07-01 15:30:22.255 DEBUG org.rbt.qvu.services.MainServiceImpl: Language File: {
  "Datasource ": "Datasource",
  "saved": "saved",
  "Saving datasource": "Saving datasource",
  "Saving": "Saving",
  "Failed to save datasource:": "Failed to save datasource:",
  "please complete all required entries": "please complete all required entries",
  "Saving role": "Saving role",
  "Failed to save role:": "Failed to save role:",
  "Saving user": "Saving user",
  "Failed to save user:": "Failed to save user:",
  "Database Type:": "Database Type:",
  "Name:": "Name:",
  "Description:": "Description:",
  "JDBC Url:": "JDBC Url:",
  "JDBC Driver:": "JDBC Driver:",
  "User Name:": "User Name:",
  "Password:": "Password:",
  "Connection Timeout:": "Connection Timeout:",
  "Idle Timeout:": "Idle Timeout:",
  "Max Life Time:": "Max Life Time:",
  "Max Pool Size:": "Max Pool Size:",
  "User ID:": "User ID:",
  "First Name:": "First Name:",
  "Last Name:": "Last Name:",
  "Email:": "Email:",
  "Create new datasource": "Create new datasource",
  "Update datasource": "Update datasource",
  "Deleting datasource": "Deleting datasource",
  "delete datasource": "delete datasource",
  "Create new role": "Create new role",
  "Update role": "Update role",
  "Deleting role": "Deleting role",
  "Deleted role": "Deleted role",
  "delete role": "delete role",
  "Create new user": "Create new user",
  "Update user": "Update user",
  "Deleting user": "Deleting user",
  "Failed to delete user": "Failed to delete user",
  "Failed to delete role": "Failed to delete role",
  "Add user": "Add user",
  "Edit user": "Edit user",
  "Delete user": "Delete user",
  "Add role": "Add role",
  "Edit role": "Edit role",
  "Delete role": "Delete role",
  "Basic Configuration": "Basic Configuration",
  "Use File Based Security": "Use File Based Security",
  "fileBasedSecurity-help": "If check, security information such as users and roles will be stored on locally as JSON files",
  "SAML Configuration": "SAML Configuration",
  "IDP URL": "IDP URL",
  "idpUrl-help": "Identity provider URL",
  "SP Entity ID": "SP Entity ID",
  "spEntityId-help": "Service provider entity id",
  "Sign Assertions": "Sign Assertions",
  "Signing Cert File": "Signing Cert File",
  "signingCertFileName-help": "Path to signing cert file",
  "Signing Key File": "Signing Key File",
  "signingKeyFileName-help": "Path to signing key file",
  "OIDC Configuration": "OIDC Configuration",
  "Issuer Location URL": "Issuer Location URL",
  "issuerLocationUrl-help": "Issuer Location URL",
  "Client ID": "Client ID",
  "clientId-help": "Client ID",
  "Client Secret": "Client Secret",
  "clientSecret-help": "Client Secret",
  "Repository Folder:": "Repository Folder:",
  "repository-help": "The root folder location where Qvu configuration files and document artifacts will be stored",
  "Authentication Type:": "Authentication Type:",
  "Configure Security": "Configure Security",
  "New Admin Password:": "New Admin Password:",
  "Custom Security Class:": "Custom Security Class:",
  "securityServiceClass-help": "To enable custom authetication/security processing implement interface org.rbt.client.utils.Security service and put class name here.",
  "Allow Custom Service Save": "Allow Custom Service Save",
  "allowServiceSave-help": "If a custom security service is configured then checking this will allow the service to save and delete users and roles",
  "Success": "Success",
  "Error": "Error",
  "Warning": "Warning",
  "Create": "Create",
  "?": "?",
  "Help": "Help",
  "password-validation-msg": "8 characters minimum, mixed case, at least 1 special character",
  "Initializing...": "Initializing...",
  "configuration complete": "configuration complete",
  "configuration incomplete": "configuration incomplete",
  "Invalid repository folder entered": "Invalid repository folder entered",
  "Default admin user not found": "Default admin user not found",
  "adminPassword-help": "If you are using file based security for authentication you will need to enter an admin password"
}

2023-07-01 15:30:22.255 DEBUG org.rbt.qvu.services.MainServiceImpl: Language File: {
  "Datasource ": "Datasource",
  "saved": "saved",
  "Saving datasource": "Saving datasource",
  "Saving": "Saving",
  "Failed to save datasource:": "Failed to save datasource:",
  "please complete all required entries": "please complete all required entries",
  "Saving role": "Saving role",
  "Failed to save role:": "Failed to save role:",
  "Saving user": "Saving user",
  "Failed to save user:": "Failed to save user:",
  "Database Type:": "Database Type:",
  "Name:": "Name:",
  "Description:": "Description:",
  "JDBC Url:": "JDBC Url:",
  "JDBC Driver:": "JDBC Driver:",
  "User Name:": "User Name:",
  "Password:": "Password:",
  "Connection Timeout:": "Connection Timeout:",
  "Idle Timeout:": "Idle Timeout:",
  "Max Life Time:": "Max Life Time:",
  "Max Pool Size:": "Max Pool Size:",
  "User ID:": "User ID:",
  "First Name:": "First Name:",
  "Last Name:": "Last Name:",
  "Email:": "Email:",
  "Create new datasource": "Create new datasource",
  "Update datasource": "Update datasource",
  "Deleting datasource": "Deleting datasource",
  "delete datasource": "delete datasource",
  "Create new role": "Create new role",
  "Update role": "Update role",
  "Deleting role": "Deleting role",
  "Deleted role": "Deleted role",
  "delete role": "delete role",
  "Create new user": "Create new user",
  "Update user": "Update user",
  "Deleting user": "Deleting user",
  "Failed to delete user": "Failed to delete user",
  "Failed to delete role": "Failed to delete role",
  "Add user": "Add user",
  "Edit user": "Edit user",
  "Delete user": "Delete user",
  "Add role": "Add role",
  "Edit role": "Edit role",
  "Delete role": "Delete role",
  "Basic Configuration": "Basic Configuration",
  "Use File Based Security": "Use File Based Security",
  "fileBasedSecurity-help": "If check, security information such as users and roles will be stored on locally as JSON files",
  "SAML Configuration": "SAML Configuration",
  "IDP URL": "IDP URL",
  "idpUrl-help": "Identity provider URL",
  "SP Entity ID": "SP Entity ID",
  "spEntityId-help": "Service provider entity id",
  "Sign Assertions": "Sign Assertions",
  "Signing Cert File": "Signing Cert File",
  "signingCertFileName-help": "Path to signing cert file",
  "Signing Key File": "Signing Key File",
  "signingKeyFileName-help": "Path to signing key file",
  "OIDC Configuration": "OIDC Configuration",
  "Issuer Location URL": "Issuer Location URL",
  "issuerLocationUrl-help": "Issuer Location URL",
  "Client ID": "Client ID",
  "clientId-help": "Client ID",
  "Client Secret": "Client Secret",
  "clientSecret-help": "Client Secret",
  "Repository Folder:": "Repository Folder:",
  "repository-help": "The root folder location where Qvu configuration files and document artifacts will be stored",
  "Authentication Type:": "Authentication Type:",
  "Configure Security": "Configure Security",
  "New Admin Password:": "New Admin Password:",
  "Custom Security Class:": "Custom Security Class:",
  "securityServiceClass-help": "To enable custom authetication/security processing implement interface org.rbt.client.utils.Security service and put class name here.",
  "Allow Custom Service Save": "Allow Custom Service Save",
  "allowServiceSave-help": "If a custom security service is configured then checking this will allow the service to save and delete users and roles",
  "Success": "Success",
  "Error": "Error",
  "Warning": "Warning",
  "Create": "Create",
  "?": "?",
  "Help": "Help",
  "password-validation-msg": "8 characters minimum, mixed case, at least 1 special character",
  "Initializing...": "Initializing...",
  "configuration complete": "configuration complete",
  "configuration incomplete": "configuration incomplete",
  "Invalid repository folder entered": "Invalid repository folder entered",
  "Default admin user not found": "Default admin user not found",
  "adminPassword-help": "If you are using file based security for authentication you will need to enter an admin password"
}

2023-07-01 15:30:22.274 DEBUG org.rbt.qvu.controllers.MainController: in loadAuthData()

2023-07-01 15:30:22.274 DEBUG org.rbt.qvu.controllers.MainController: in loadAuthData()

2023-07-01 15:30:22.281 DEBUG org.rbt.qvu.services.MainServiceImpl: authetication=null

2023-07-01 15:30:22.281 DEBUG org.rbt.qvu.services.MainServiceImpl: authetication=null

2023-07-01 15:30:22.282 ERROR org.rbt.qvu.controllers.MainController: java.lang.IllegalArgumentException: Source must not be nulljava.lang.IllegalArgumentException: Source must not be null
	at org.springframework.util.Assert.notNull(Assert.java:204)
	at org.springframework.beans.BeanUtils.copyProperties(BeanUtils.java:783)
	at org.springframework.beans.BeanUtils.copyProperties(BeanUtils.java:762)
	at org.rbt.qvu.util.AuthHelper.removePasswords(AuthHelper.java:127)
	at org.rbt.qvu.controllers.MainController.loadAuthData(MainController.java:49)
	at java.base/jdk.internal.reflect.DirectMethodHandleAccessor.invoke(DirectMethodHandleAccessor.java:104)
	at java.base/java.lang.reflect.Method.invoke(Method.java:578)
	at org.springframework.web.method.support.InvocableHandlerMethod.doInvoke(InvocableHandlerMethod.java:207)
	at org.springframework.web.method.support.InvocableHandlerMethod.invokeForRequest(InvocableHandlerMethod.java:152)
	at org.springframework.web.servlet.mvc.method.annotation.ServletInvocableHandlerMethod.invokeAndHandle(ServletInvocableHandlerMethod.java:118)
	at org.springframework.web.servlet.mvc.method.annotation.RequestMappingHandlerAdapter.invokeHandlerMethod(RequestMappingHandlerAdapter.java:884)
	at org.springframework.web.servlet.mvc.method.annotation.RequestMappingHandlerAdapter.handleInternal(RequestMappingHandlerAdapter.java:797)
	at org.springframework.web.servlet.mvc.method.AbstractHandlerMethodAdapter.handle(AbstractHandlerMethodAdapter.java:87)
	at org.springframework.web.servlet.DispatcherServlet.doDispatch(DispatcherServlet.java:1081)
	at org.springframework.web.servlet.DispatcherServlet.doService(DispatcherServlet.java:974)
	at org.springframework.web.servlet.FrameworkServlet.processRequest(FrameworkServlet.java:1011)
	at org.springframework.web.servlet.FrameworkServlet.doGet(FrameworkServlet.java:903)
	at jakarta.servlet.http.HttpServlet.service(HttpServlet.java:564)
	at org.springframework.web.servlet.FrameworkServlet.service(FrameworkServlet.java:885)
	at jakarta.servlet.http.HttpServlet.service(HttpServlet.java:658)
	at org.apache.catalina.core.ApplicationFilterChain.internalDoFilter(ApplicationFilterChain.java:205)
	at org.apache.catalina.core.ApplicationFilterChain.doFilter(ApplicationFilterChain.java:149)
	at org.apache.tomcat.websocket.server.WsFilter.doFilter(WsFilter.java:51)
	at org.apache.catalina.core.ApplicationFilterChain.internalDoFilter(ApplicationFilterChain.java:174)
	at org.apache.catalina.core.ApplicationFilterChain.doFilter(ApplicationFilterChain.java:149)
	at org.springframework.web.filter.RequestContextFilter.doFilterInternal(RequestContextFilter.java:100)
	at org.springframework.web.filter.OncePerRequestFilter.doFilter(OncePerRequestFilter.java:116)
	at org.apache.catalina.core.ApplicationFilterChain.internalDoFilter(ApplicationFilterChain.java:174)
	at org.apache.catalina.core.ApplicationFilterChain.doFilter(ApplicationFilterChain.java:149)
	at org.springframework.web.filter.FormContentFilter.doFilterInternal(FormContentFilter.java:93)
	at org.springframework.web.filter.OncePerRequestFilter.doFilter(OncePerRequestFilter.java:116)
	at org.apache.catalina.core.ApplicationFilterChain.internalDoFilter(ApplicationFilterChain.java:174)
	at org.apache.catalina.core.ApplicationFilterChain.doFilter(ApplicationFilterChain.java:149)
	at org.springframework.web.filter.CharacterEncodingFilter.doFilterInternal(CharacterEncodingFilter.java:201)
	at org.springframework.web.filter.OncePerRequestFilter.doFilter(OncePerRequestFilter.java:116)
	at org.apache.catalina.core.ApplicationFilterChain.internalDoFilter(ApplicationFilterChain.java:174)
	at org.apache.catalina.core.ApplicationFilterChain.doFilter(ApplicationFilterChain.java:149)
	at org.apache.catalina.core.StandardWrapperValve.invoke(StandardWrapperValve.java:166)
	at org.apache.catalina.core.StandardContextValve.invoke(StandardContextValve.java:90)
	at org.apache.catalina.authenticator.AuthenticatorBase.invoke(AuthenticatorBase.java:482)
	at org.apache.catalina.core.StandardHostValve.invoke(StandardHostValve.java:115)
	at org.apache.catalina.valves.ErrorReportValve.invoke(ErrorReportValve.java:93)
	at org.apache.catalina.core.StandardEngineValve.invoke(StandardEngineValve.java:74)
	at org.apache.catalina.connector.CoyoteAdapter.service(CoyoteAdapter.java:341)
	at org.apache.coyote.http11.Http11Processor.service(Http11Processor.java:390)
	at org.apache.coyote.AbstractProcessorLight.process(AbstractProcessorLight.java:63)
	at org.apache.coyote.AbstractProtocol$ConnectionHandler.process(AbstractProtocol.java:894)
	at org.apache.tomcat.util.net.NioEndpoint$SocketProcessor.doRun(NioEndpoint.java:1741)
	at org.apache.tomcat.util.net.SocketProcessorBase.run(SocketProcessorBase.java:52)
	at org.apache.tomcat.util.threads.ThreadPoolExecutor.runWorker(ThreadPoolExecutor.java:1191)
	at org.apache.tomcat.util.threads.ThreadPoolExecutor$Worker.run(ThreadPoolExecutor.java:659)
	at org.apache.tomcat.util.threads.TaskThread$WrappingRunnable.run(TaskThread.java:61)
	at java.base/java.lang.Thread.run(Thread.java:1623)


2023-07-01 15:30:22.282 ERROR org.rbt.qvu.controllers.MainController: java.lang.IllegalArgumentException: Source must not be nulljava.lang.IllegalArgumentException: Source must not be null
	at org.springframework.util.Assert.notNull(Assert.java:204)
	at org.springframework.beans.BeanUtils.copyProperties(BeanUtils.java:783)
	at org.springframework.beans.BeanUtils.copyProperties(BeanUtils.java:762)
	at org.rbt.qvu.util.AuthHelper.removePasswords(AuthHelper.java:127)
	at org.rbt.qvu.controllers.MainController.loadAuthData(MainController.java:49)
	at java.base/jdk.internal.reflect.DirectMethodHandleAccessor.invoke(DirectMethodHandleAccessor.java:104)
	at java.base/java.lang.reflect.Method.invoke(Method.java:578)
	at org.springframework.web.method.support.InvocableHandlerMethod.doInvoke(InvocableHandlerMethod.java:207)
	at org.springframework.web.method.support.InvocableHandlerMethod.invokeForRequest(InvocableHandlerMethod.java:152)
	at org.springframework.web.servlet.mvc.method.annotation.ServletInvocableHandlerMethod.invokeAndHandle(ServletInvocableHandlerMethod.java:118)
	at org.springframework.web.servlet.mvc.method.annotation.RequestMappingHandlerAdapter.invokeHandlerMethod(RequestMappingHandlerAdapter.java:884)
	at org.springframework.web.servlet.mvc.method.annotation.RequestMappingHandlerAdapter.handleInternal(RequestMappingHandlerAdapter.java:797)
	at org.springframework.web.servlet.mvc.method.AbstractHandlerMethodAdapter.handle(AbstractHandlerMethodAdapter.java:87)
	at org.springframework.web.servlet.DispatcherServlet.doDispatch(DispatcherServlet.java:1081)
	at org.springframework.web.servlet.DispatcherServlet.doService(DispatcherServlet.java:974)
	at org.springframework.web.servlet.FrameworkServlet.processRequest(FrameworkServlet.java:1011)
	at org.springframework.web.servlet.FrameworkServlet.doGet(FrameworkServlet.java:903)
	at jakarta.servlet.http.HttpServlet.service(HttpServlet.java:564)
	at org.springframework.web.servlet.FrameworkServlet.service(FrameworkServlet.java:885)
	at jakarta.servlet.http.HttpServlet.service(HttpServlet.java:658)
	at org.apache.catalina.core.ApplicationFilterChain.internalDoFilter(ApplicationFilterChain.java:205)
	at org.apache.catalina.core.ApplicationFilterChain.doFilter(ApplicationFilterChain.java:149)
	at org.apache.tomcat.websocket.server.WsFilter.doFilter(WsFilter.java:51)
	at org.apache.catalina.core.ApplicationFilterChain.internalDoFilter(ApplicationFilterChain.java:174)
	at org.apache.catalina.core.ApplicationFilterChain.doFilter(ApplicationFilterChain.java:149)
	at org.springframework.web.filter.RequestContextFilter.doFilterInternal(RequestContextFilter.java:100)
	at org.springframework.web.filter.OncePerRequestFilter.doFilter(OncePerRequestFilter.java:116)
	at org.apache.catalina.core.ApplicationFilterChain.internalDoFilter(ApplicationFilterChain.java:174)
	at org.apache.catalina.core.ApplicationFilterChain.doFilter(ApplicationFilterChain.java:149)
	at org.springframework.web.filter.FormContentFilter.doFilterInternal(FormContentFilter.java:93)
	at org.springframework.web.filter.OncePerRequestFilter.doFilter(OncePerRequestFilter.java:116)
	at org.apache.catalina.core.ApplicationFilterChain.internalDoFilter(ApplicationFilterChain.java:174)
	at org.apache.catalina.core.ApplicationFilterChain.doFilter(ApplicationFilterChain.java:149)
	at org.springframework.web.filter.CharacterEncodingFilter.doFilterInternal(CharacterEncodingFilter.java:201)
	at org.springframework.web.filter.OncePerRequestFilter.doFilter(OncePerRequestFilter.java:116)
	at org.apache.catalina.core.ApplicationFilterChain.internalDoFilter(ApplicationFilterChain.java:174)
	at org.apache.catalina.core.ApplicationFilterChain.doFilter(ApplicationFilterChain.java:149)
	at org.apache.catalina.core.StandardWrapperValve.invoke(StandardWrapperValve.java:166)
	at org.apache.catalina.core.StandardContextValve.invoke(StandardContextValve.java:90)
	at org.apache.catalina.authenticator.AuthenticatorBase.invoke(AuthenticatorBase.java:482)
	at org.apache.catalina.core.StandardHostValve.invoke(StandardHostValve.java:115)
	at org.apache.catalina.valves.ErrorReportValve.invoke(ErrorReportValve.java:93)
	at org.apache.catalina.core.StandardEngineValve.invoke(StandardEngineValve.java:74)
	at org.apache.catalina.connector.CoyoteAdapter.service(CoyoteAdapter.java:341)
	at org.apache.coyote.http11.Http11Processor.service(Http11Processor.java:390)
	at org.apache.coyote.AbstractProcessorLight.process(AbstractProcessorLight.java:63)
	at org.apache.coyote.AbstractProtocol$ConnectionHandler.process(AbstractProtocol.java:894)
	at org.apache.tomcat.util.net.NioEndpoint$SocketProcessor.doRun(NioEndpoint.java:1741)
	at org.apache.tomcat.util.net.SocketProcessorBase.run(SocketProcessorBase.java:52)
	at org.apache.tomcat.util.threads.ThreadPoolExecutor.runWorker(ThreadPoolExecutor.java:1191)
	at org.apache.tomcat.util.threads.ThreadPoolExecutor$Worker.run(ThreadPoolExecutor.java:659)
	at org.apache.tomcat.util.threads.TaskThread$WrappingRunnable.run(TaskThread.java:61)
	at java.base/java.lang.Thread.run(Thread.java:1623)

